# JRE version: Java(TM) SE Runtime Environment (8.0_171-b11) (build 1.8.0_171-b11)
# Java VM: Java HotSpot(TM) 64-Bit Server VM (25.171-b11 mixed mode windows-amd64 compressed oops)
Heap:
 PSYoungGen      total 387072K, used 284233K [0x00000000d5900000, 0x00000000fb180000, 0x0000000100000000)
  eden space 382464K, 74% used [0x00000000d5900000,0x00000000e6e92668,0x00000000ece80000)
  from space 4608K, 0% used [0x00000000f9200000,0x00000000f9200000,0x00000000f9680000)
  to   space 17920K, 0% used [0x00000000fa000000,0x00000000fa000000,0x00000000fb180000)
 ParOldGen       total 120320K, used 41281K [0x0000000080a00000, 0x0000000087f80000, 0x00000000d5900000)
  object space 120320K, 34% used [0x0000000080a00000,0x0000000083250428,0x0000000087f80000)
 Metaspace       used 61346K, capacity 65300K, committed 66136K, reserved 1105920K
  class space    used 8307K, capacity 8909K, committed 9088K, reserved 1048576K
GC Heap History (10 events):
Event: 6149.826 GC heap before
{Heap before GC invocations=21 (full 3):
 PSYoungGen      total 441856K, used 441354K [0x00000000d5900000, 0x00000000fd680000, 0x0000000100000000)
  eden space 436224K, 100% used [0x00000000d5900000,0x00000000f0300000,0x00000000f0300000)
  from space 5632K, 91% used [0x00000000fb480000,0x00000000fb982b98,0x00000000fba00000)
  to   space 19968K, 0% used [0x00000000fc300000,0x00000000fc300000,0x00000000fd680000)
 ParOldGen       total 120320K, used 46818K [0x0000000080a00000, 0x0000000087f80000, 0x00000000d5900000)
  object space 120320K, 38% used [0x0000000080a00000,0x00000000837b8a40,0x0000000087f80000)
 Metaspace       used 60947K, capacity 64902K, committed 64984K, reserved 1105920K
  class space    used 8270K, capacity 8893K, committed 8960K, reserved 1048576K
Event: 6149.904 GC heap after
Heap after GC invocations=21 (full 3):
 PSYoungGen      total 422912K, used 5304K [0x00000000d5900000, 0x00000000fc880000, 0x0000000100000000)
  eden space 417280K, 0% used [0x00000000d5900000,0x00000000d5900000,0x00000000ef080000)
  from space 5632K, 94% used [0x00000000fc300000,0x00000000fc82e3e8,0x00000000fc880000)
  to   space 19456K, 0% used [0x00000000fa280000,0x00000000fa280000,0x00000000fb580000)
 ParOldGen       total 120320K, used 46826K [0x0000000080a00000, 0x0000000087f80000, 0x00000000d5900000)
  object space 120320K, 38% used [0x0000000080a00000,0x00000000837baa40,0x0000000087f80000)
 Metaspace       used 60947K, capacity 64902K, committed 64984K, reserved 1105920K
  class space    used 8270K, capacity 8893K, committed 8960K, reserved 1048576K
}
Event: 7270.798 GC heap before
{Heap before GC invocations=22 (full 3):
 PSYoungGen      total 422912K, used 422584K [0x00000000d5900000, 0x00000000fc880000, 0x0000000100000000)
  eden space 417280K, 100% used [0x00000000d5900000,0x00000000ef080000,0x00000000ef080000)
  from space 5632K, 94% used [0x00000000fc300000,0x00000000fc82e3e8,0x00000000fc880000)
  to   space 19456K, 0% used [0x00000000fa280000,0x00000000fa280000,0x00000000fb580000)
 ParOldGen       total 120320K, used 46826K [0x0000000080a00000, 0x0000000087f80000, 0x00000000d5900000)
  object space 120320K, 38% used [0x0000000080a00000,0x00000000837baa40,0x0000000087f80000)
 Metaspace       used 60948K, capacity 64902K, committed 64984K, reserved 1105920K
  class space    used 8270K, capacity 8893K, committed 8960K, reserved 1048576K
Event: 7271.355 GC heap after
Heap after GC invocations=22 (full 3):
 PSYoungGen      total 404992K, used 5153K [0x00000000d5900000, 0x00000000fc380000, 0x0000000100000000)
  eden space 399360K, 0% used [0x00000000d5900000,0x00000000d5900000,0x00000000edf00000)
  from space 5632K, 91% used [0x00000000fa280000,0x00000000fa7887e0,0x00000000fa800000)
  to   space 18944K, 0% used [0x00000000fb100000,0x00000000fb100000,0x00000000fc380000)
 ParOldGen       total 120320K, used 46834K [0x0000000080a00000, 0x0000000087f80000, 0x00000000d5900000)
  object space 120320K, 38% used [0x0000000080a00000,0x00000000837bca40,0x0000000087f80000)
 Metaspace       used 60948K, capacity 64902K, committed 64984K, reserved 1105920K
  class space    used 8270K, capacity 8893K, committed 8960K, reserved 1048576K
}
Event: 8368.751 GC heap before
{Heap before GC invocations=23 (full 3):
 PSYoungGen      total 404992K, used 404513K [0x00000000d5900000, 0x00000000fc380000, 0x0000000100000000)
  eden space 399360K, 100% used [0x00000000d5900000,0x00000000edf00000,0x00000000edf00000)
  from space 5632K, 91% used [0x00000000fa280000,0x00000000fa7887e0,0x00000000fa800000)
  to   space 18944K, 0% used [0x00000000fb100000,0x00000000fb100000,0x00000000fc380000)
 ParOldGen       total 120320K, used 46834K [0x0000000080a00000, 0x0000000087f80000, 0x00000000d5900000)
  object space 120320K, 38% used [0x0000000080a00000,0x00000000837bca40,0x0000000087f80000)
 Metaspace       used 60948K, capacity 64902K, committed 64984K, reserved 1105920K
  class space    used 8270K, capacity 8893K, committed 8960K, reserved 1048576K
Event: 8368.905 GC heap after
Heap after GC invocations=23 (full 3):
 PSYoungGen      total 387584K, used 4649K [0x00000000d5900000, 0x00000000fb600000, 0x0000000100000000)
  eden space 382464K, 0% used [0x00000000d5900000,0x00000000d5900000,0x00000000ece80000)
  from space 5120K, 90% used [0x00000000fb100000,0x00000000fb58a418,0x00000000fb600000)
  to   space 18432K, 0% used [0x00000000f9200000,0x00000000f9200000,0x00000000fa400000)
 ParOldGen       total 120320K, used 46842K [0x0000000080a00000, 0x0000000087f80000, 0x00000000d5900000)
  object space 120320K, 38% used [0x0000000080a00000,0x00000000837bea40,0x0000000087f80000)
 Metaspace       used 60948K, capacity 64902K, committed 64984K, reserved 1105920K
  class space    used 8270K, capacity 8893K, committed 8960K, reserved 1048576K
}
Event: 8615.403 GC heap before
{Heap before GC invocations=24 (full 3):
 PSYoungGen      total 387584K, used 104159K [0x00000000d5900000, 0x00000000fb600000, 0x0000000100000000)
  eden space 382464K, 26% used [0x00000000d5900000,0x00000000dba2dbe0,0x00000000ece80000)
  from space 5120K, 90% used [0x00000000fb100000,0x00000000fb58a418,0x00000000fb600000)
  to   space 18432K, 0% used [0x00000000f9200000,0x00000000f9200000,0x00000000fa400000)
 ParOldGen       total 120320K, used 46842K [0x0000000080a00000, 0x0000000087f80000, 0x00000000d5900000)
  object space 120320K, 38% used [0x0000000080a00000,0x00000000837bea40,0x0000000087f80000)
 Metaspace       used 61015K, capacity 65014K, committed 65240K, reserved 1105920K
  class space    used 8283K, capacity 8901K, committed 8960K, reserved 1048576K
Event: 8615.458 GC heap after
Heap after GC invocations=24 (full 3):
 PSYoungGen      total 387072K, used 4505K [0x00000000d5900000, 0x00000000fb180000, 0x0000000100000000)
  eden space 382464K, 0% used [0x00000000d5900000,0x00000000d5900000,0x00000000ece80000)
  from space 4608K, 97% used [0x00000000f9200000,0x00000000f9666408,0x00000000f9680000)
  to   space 17920K, 0% used [0x00000000fa000000,0x00000000fa000000,0x00000000fb180000)
 ParOldGen       total 120320K, used 46850K [0x0000000080a00000, 0x0000000087f80000, 0x00000000d5900000)
  object space 120320K, 38% used [0x0000000080a00000,0x00000000837c0a40,0x0000000087f80000)
 Metaspace       used 61015K, capacity 65014K, committed 65240K, reserved 1105920K
  class space    used 8283K, capacity 8901K, committed 8960K, reserved 1048576K
}
Event: 8615.460 GC heap before
{Heap before GC invocations=25 (full 4):
 PSYoungGen      total 387072K, used 4505K [0x00000000d5900000, 0x00000000fb180000, 0x0000000100000000)
  eden space 382464K, 0% used [0x00000000d5900000,0x00000000d5900000,0x00000000ece80000)
  from space 4608K, 97% used [0x00000000f9200000,0x00000000f9666408,0x00000000f9680000)
  to   space 17920K, 0% used [0x00000000fa000000,0x00000000fa000000,0x00000000fb180000)
 ParOldGen       total 120320K, used 46850K [0x0000000080a00000, 0x0000000087f80000, 0x00000000d5900000)
  object space 120320K, 38% used [0x0000000080a00000,0x00000000837c0a40,0x0000000087f80000)
 Metaspace       used 61015K, capacity 65014K, committed 65240K, reserved 1105920K
  class space    used 8283K, capacity 8901K, committed 8960K, reserved 1048576K
Event: 8621.894 GC heap after
Heap after GC invocations=25 (full 4):
 PSYoungGen      total 387072K, used 0K [0x00000000d5900000, 0x00000000fb180000, 0x0000000100000000)
  eden space 382464K, 0% used [0x00000000d5900000,0x00000000d5900000,0x00000000ece80000)
  from space 4608K, 0% used [0x00000000f9200000,0x00000000f9200000,0x00000000f9680000)
  to   space 17920K, 0% used [0x00000000fa000000,0x00000000fa000000,0x00000000fb180000)
 ParOldGen       total 120320K, used 41281K [0x0000000080a00000, 0x0000000087f80000, 0x00000000d5900000)
  object space 120320K, 34% used [0x0000000080a00000,0x0000000083250428,0x0000000087f80000)
 Metaspace       used 60524K, capacity 64220K, committed 65240K, reserved 1105920K
  class space    used 8207K, capacity 8764K, committed 8960K, reserved 1048576K
}

